<?xml version="1.0" encoding="UTF-8"?>
<!-- Generated by org.testng.reporters.JUnitReportReporter -->
<testsuite hostname="HYDNB884" failures="0" tests="1" name="FO_Testcases.TwowayWithAdults" time="96.868" errors="0" timestamp="2023-08-04T16:01:45 IST" skipped="0">
  <testcase classname="FO_Testcases.TwowayWithAdults" name="PPRD_NL_B2C" time="96.868"/>
</testsuite> <!-- FO_Testcases.TwowayWithAdults -->
