<?xml version="1.0" encoding="UTF-8"?>
<!-- Generated by org.testng.reporters.JUnitReportReporter -->
<testsuite hostname="HYDNB884" failures="0" tests="2" name="FO_Testcases.MMBflow" time="8.444" errors="1" timestamp="2023-08-03T16:38:57 IST" skipped="1">
  <testcase classname="FO_Testcases.MMBflow" name="MMB_PPRD_NL_B2C" time="3.802">
    <error message="Cannot invoke &quot;String.contains(java.lang.CharSequence)&quot; because &quot;deptmonth&quot; is null" type="java.lang.NullPointerException">
      <![CDATA[java.lang.NullPointerException: Cannot invoke "String.contains(java.lang.CharSequence)" because "deptmonth" is null
at AbstractMethods.AbstractComponents.DeptMonth(AbstractComponents.java:142)
at FO_MMB.MMBWebsite.MMBLogin_B2C(MMBWebsite.java:334)
at FO_MMB.MMBWebsite.MMB_WebsiteLaunchAndBookingDetails_B2C(MMBWebsite.java:133)
at FO_MMB.MMBWebsite.MMB_MMBHomepage(MMBWebsite.java:49)
at TestComponents.LaunchBrowser.TargetedMMB(LaunchBrowser.java:122)
at FO_Testcases.MMBflow.MMB_PPRD_NL_B2C(MMBflow.java:166)
at java.base/jdk.internal.reflect.NativeMethodAccessorImpl.invoke0(Native Method)
at java.base/jdk.internal.reflect.NativeMethodAccessorImpl.invoke(NativeMethodAccessorImpl.java:77)
at java.base/jdk.internal.reflect.DelegatingMethodAccessorImpl.invoke(DelegatingMethodAccessorImpl.java:43)
at java.base/java.lang.reflect.Method.invoke(Method.java:568)
at org.testng.internal.invokers.MethodInvocationHelper.invokeMethod(MethodInvocationHelper.java:139)
at org.testng.internal.invokers.TestInvoker.invokeMethod(TestInvoker.java:664)
at org.testng.internal.invokers.TestInvoker.retryFailed(TestInvoker.java:248)
at org.testng.internal.invokers.MethodRunner.runInSequence(MethodRunner.java:62)
at org.testng.internal.invokers.TestInvoker$MethodInvocationAgent.invoke(TestInvoker.java:957)
at org.testng.internal.invokers.TestInvoker.invokeTestMethods(TestInvoker.java:200)
at org.testng.internal.invokers.TestMethodWorker.invokeTestMethods(TestMethodWorker.java:148)
at org.testng.internal.invokers.TestMethodWorker.run(TestMethodWorker.java:128)
at java.base/java.util.ArrayList.forEach(ArrayList.java:1511)
at org.testng.TestRunner.privateRun(TestRunner.java:848)
at org.testng.TestRunner.run(TestRunner.java:621)
at org.testng.SuiteRunner.runTest(SuiteRunner.java:443)
at org.testng.SuiteRunner.runSequentially(SuiteRunner.java:437)
at org.testng.SuiteRunner.privateRun(SuiteRunner.java:397)
at org.testng.SuiteRunner.run(SuiteRunner.java:336)
at org.testng.SuiteRunnerWorker.runSuite(SuiteRunnerWorker.java:52)
at org.testng.SuiteRunnerWorker.run(SuiteRunnerWorker.java:95)
at org.testng.TestNG.runSuitesSequentially(TestNG.java:1280)
at org.testng.TestNG.runSuitesLocally(TestNG.java:1200)
at org.testng.TestNG.runSuites(TestNG.java:1114)
at org.testng.TestNG.run(TestNG.java:1082)
at org.testng.remote.AbstractRemoteTestNG.run(AbstractRemoteTestNG.java:115)
at org.testng.remote.RemoteTestNG.initAndRun(RemoteTestNG.java:251)
at org.testng.remote.RemoteTestNG.main(RemoteTestNG.java:77)
]]>
    </error>
  </testcase> <!-- MMB_PPRD_NL_B2C -->
  <testcase classname="FO_Testcases.MMBflow" name="MMB_PPRD_NL_B2C" time="4.642">
    <skipped/>
  </testcase> <!-- MMB_PPRD_NL_B2C -->
</testsuite> <!-- FO_Testcases.MMBflow -->
