<?xml version="1.0" encoding="UTF-8"?>
<!-- Generated by org.testng.reporters.JUnitReportReporter -->
<testsuite hostname="HYDNB884" failures="0" tests="1" name="FO_SmokeTestcases.OnewayBasicBookflow" time="112.425" errors="0" timestamp="2023-07-13T09:52:06 IST" skipped="0">
  <testcase classname="FO_SmokeTestcases.OnewayBasicBookflow" name="SIT_BE_B2C_Test" time="112.425"/>
</testsuite> <!-- FO_SmokeTestcases.OnewayBasicBookflow -->
